Build started 7/28/2014 11:12:57 AM.
     1>Project "C:\Users\Ben\Documents\Visual Studio 2013\Projects\Coin Conversion\Coin Conversion\Coin Conversion.vcxproj" on node 2 (Build target(s)).
     1>ClCompile:
         C:\Program Files (x86)\Microsoft Visual Studio 12.0\VC\bin\CL.exe /c /ZI /nologo /W3 /WX- /sdl /Od /Oy- /D WIN32 /D _DEBUG /D _CONSOLE /D _LIB /D _UNICODE /D UNICODE /Gm /EHsc /RTC1 /MDd /GS /fp:precise /Zc:wchar_t /Zc:forScope /Yc"stdafx.h" /Fp"Debug\Coin Conversion.pch" /Fo"Debug\\" /Fd"Debug\vc120.pdb" /Gd /TP /analyze- /errorReport:prompt stdafx.cpp
         stdafx.cpp
         C:\Program Files (x86)\Microsoft Visual Studio 12.0\VC\bin\CL.exe /c /ZI /nologo /W3 /WX- /sdl /Od /Oy- /D WIN32 /D _DEBUG /D _CONSOLE /D _LIB /D _UNICODE /D UNICODE /Gm /EHsc /RTC1 /MDd /GS /fp:precise /Zc:wchar_t /Zc:forScope /Yu"stdafx.h" /Fp"Debug\Coin Conversion.pch" /Fo"Debug\\" /Fd"Debug\vc120.pdb" /Gd /TP /analyze- /errorReport:prompt "Coin Conversion.cpp"
         Coin Conversion.cpp
     1>c:\users\ben\documents\visual studio 2013\projects\coin conversion\coin conversion\coin conversion.cpp(10): warning C4101: 'pennie_amt' : unreferenced local variable
     1>c:\users\ben\documents\visual studio 2013\projects\coin conversion\coin conversion\coin conversion.cpp(21): warning C4101: 'five_dollar_value' : unreferenced local variable
     1>c:\users\ben\documents\visual studio 2013\projects\coin conversion\coin conversion\coin conversion.cpp(20): warning C4101: 'five_dollar_amt' : unreferenced local variable
     1>c:\users\ben\documents\visual studio 2013\projects\coin conversion\coin conversion\coin conversion.cpp(13): warning C4101: 'nickel_val' : unreferenced local variable
     1>c:\users\ben\documents\visual studio 2013\projects\coin conversion\coin conversion\coin conversion.cpp(12): warning C4101: 'nickel_amt' : unreferenced local variable
     1>c:\users\ben\documents\visual studio 2013\projects\coin conversion\coin conversion\coin conversion.cpp(11): warning C4101: 'pennie_val' : unreferenced local variable
     1>c:\users\ben\documents\visual studio 2013\projects\coin conversion\coin conversion\coin conversion.cpp(16): warning C4101: 'quarter_amt' : unreferenced local variable
     1>c:\users\ben\documents\visual studio 2013\projects\coin conversion\coin conversion\coin conversion.cpp(15): warning C4101: 'dime_val' : unreferenced local variable
     1>c:\users\ben\documents\visual studio 2013\projects\coin conversion\coin conversion\coin conversion.cpp(14): warning C4101: 'dime_amt' : unreferenced local variable
     1>c:\users\ben\documents\visual studio 2013\projects\coin conversion\coin conversion\coin conversion.cpp(19): warning C4101: 'dollar_val' : unreferenced local variable
     1>c:\users\ben\documents\visual studio 2013\projects\coin conversion\coin conversion\coin conversion.cpp(17): warning C4101: 'quarter_val' : unreferenced local variable
     1>c:\users\ben\documents\visual studio 2013\projects\coin conversion\coin conversion\coin conversion.cpp(18): warning C4101: 'dollar_amt' : unreferenced local variable
       Link:
         C:\Program Files (x86)\Microsoft Visual Studio 12.0\VC\bin\link.exe /ERRORREPORT:PROMPT /OUT:"C:\Users\Ben\Documents\Visual Studio 2013\Projects\Coin Conversion\Debug\Coin Conversion.exe" /INCREMENTAL /NOLOGO kernel32.lib user32.lib gdi32.lib winspool.lib comdlg32.lib advapi32.lib shell32.lib ole32.lib oleaut32.lib uuid.lib odbc32.lib odbccp32.lib /MANIFEST /MANIFESTUAC:"level='asInvoker' uiAccess='false'" /manifest:embed /DEBUG /PDB:"C:\Users\Ben\Documents\Visual Studio 2013\Projects\Coin Conversion\Debug\Coin Conversion.pdb" /SUBSYSTEM:CONSOLE /TLBID:1 /DYNAMICBASE /NXCOMPAT /IMPLIB:"C:\Users\Ben\Documents\Visual Studio 2013\Projects\Coin Conversion\Debug\Coin Conversion.lib" /MACHINE:X86 "Debug\Coin Conversion.obj"
         Debug\stdafx.obj
         Coin Conversion.vcxproj -> C:\Users\Ben\Documents\Visual Studio 2013\Projects\Coin Conversion\Debug\Coin Conversion.exe
     1>Done Building Project "C:\Users\Ben\Documents\Visual Studio 2013\Projects\Coin Conversion\Coin Conversion\Coin Conversion.vcxproj" (Build target(s)).

Build succeeded.

Time Elapsed 00:00:04.17
